<?xml version="1.0" encoding="UTF-8"?>
<coverage generated="1777268532557" clover="3.2.0">
  <project timestamp="1777268532558" name="All files">
    <metrics statements="59" coveredstatements="58" conditionals="38" coveredconditionals="24" methods="15" coveredmethods="14" elements="112" coveredelements="96" complexity="0" loc="59" ncloc="59" packages="2" files="6" classes="6"/>
    <package name="assets">
      <metrics statements="39" coveredstatements="38" conditionals="36" coveredconditionals="22" methods="6" coveredmethods="5"/>
      <file name="App.jsx" path="/home/yona/Рабочий стол/visual/ts_term3/weather-app/src/assets/App.jsx">
        <metrics statements="39" coveredstatements="38" conditionals="36" coveredconditionals="22" methods="6" coveredmethods="5"/>
        <line num="10" count="1" type="cond" truecount="1" falsecount="1"/>
        <line num="11" count="1" type="stmt"/>
        <line num="13" count="1" type="cond" truecount="2" falsecount="2"/>
        <line num="14" count="1" type="cond" truecount="2" falsecount="2"/>
        <line num="15" count="1" type="cond" truecount="2" falsecount="2"/>
        <line num="16" count="1" type="cond" truecount="2" falsecount="2"/>
        <line num="17" count="1" type="cond" truecount="2" falsecount="2"/>
        <line num="18" count="1" type="cond" truecount="1" falsecount="1"/>
        <line num="19" count="1" type="cond" truecount="1" falsecount="1"/>
        <line num="20" count="1" type="stmt"/>
        <line num="24" count="7" type="stmt"/>
        <line num="25" count="7" type="stmt"/>
        <line num="26" count="7" type="stmt"/>
        <line num="27" count="7" type="stmt"/>
        <line num="28" count="7" type="stmt"/>
        <line num="31" count="4" type="stmt"/>
        <line num="32" count="4" type="stmt"/>
        <line num="33" count="4" type="stmt"/>
        <line num="35" count="4" type="stmt"/>
        <line num="36" count="3" type="cond" truecount="2" falsecount="0"/>
        <line num="37" count="1" type="stmt"/>
        <line num="38" count="1" type="stmt"/>
        <line num="39" count="1" type="stmt"/>
        <line num="42" count="2" type="stmt"/>
        <line num="47" count="2" type="stmt"/>
        <line num="48" count="2" type="stmt"/>
        <line num="50" count="1" type="stmt"/>
        <line num="51" count="1" type="stmt"/>
        <line num="53" count="4" type="stmt"/>
        <line num="57" count="7" type="stmt"/>
        <line num="58" count="4" type="stmt"/>
        <line num="60" count="4" type="stmt"/>
        <line num="61" count="0" type="stmt"/>
        <line num="64" count="4" type="stmt"/>
        <line num="67" count="7" type="cond" truecount="2" falsecount="0"/>
        <line num="68" count="3" type="cond" truecount="2" falsecount="0"/>
        <line num="69" count="1" type="cond" truecount="3" falsecount="1"/>
        <line num="71" count="1" type="stmt"/>
        <line num="73" count="1" type="stmt"/>
      </file>
    </package>
    <package name="components">
      <metrics statements="20" coveredstatements="20" conditionals="2" coveredconditionals="2" methods="9" coveredmethods="9"/>
      <file name="AirPollution.jsx" path="/home/yona/Рабочий стол/visual/ts_term3/weather-app/src/components/AirPollution.jsx">
        <metrics statements="4" coveredstatements="4" conditionals="0" coveredconditionals="0" methods="1" coveredmethods="1"/>
        <line num="2" count="5" type="stmt"/>
        <line num="3" count="5" type="stmt"/>
        <line num="4" count="5" type="stmt"/>
        <line num="6" count="5" type="stmt"/>
      </file>
      <file name="Footer.jsx" path="/home/yona/Рабочий стол/visual/ts_term3/weather-app/src/components/Footer.jsx">
        <metrics statements="1" coveredstatements="1" conditionals="0" coveredconditionals="0" methods="1" coveredmethods="1"/>
        <line num="2" count="4" type="stmt"/>
      </file>
      <file name="Forecast.jsx" path="/home/yona/Рабочий стол/visual/ts_term3/weather-app/src/components/Forecast.jsx">
        <metrics statements="4" coveredstatements="4" conditionals="0" coveredconditionals="0" methods="3" coveredmethods="3"/>
        <line num="4" count="5" type="stmt"/>
        <line num="5" count="18" type="stmt"/>
        <line num="8" count="5" type="stmt"/>
        <line num="16" count="13" type="stmt"/>
      </file>
      <file name="Now.jsx" path="/home/yona/Рабочий стол/visual/ts_term3/weather-app/src/components/Now.jsx">
        <metrics statements="4" coveredstatements="4" conditionals="0" coveredconditionals="0" methods="1" coveredmethods="1"/>
        <line num="4" count="9" type="stmt"/>
        <line num="5" count="9" type="stmt"/>
        <line num="6" count="9" type="stmt"/>
        <line num="8" count="9" type="stmt"/>
      </file>
      <file name="Search.jsx" path="/home/yona/Рабочий стол/visual/ts_term3/weather-app/src/components/Search.jsx">
        <metrics statements="7" coveredstatements="7" conditionals="2" coveredconditionals="2" methods="3" coveredmethods="3"/>
        <line num="4" count="19" type="stmt"/>
        <line num="7" count="3" type="stmt"/>
        <line num="8" count="3" type="cond" truecount="2" falsecount="0"/>
        <line num="9" count="2" type="stmt"/>
        <line num="10" count="2" type="stmt"/>
        <line num="14" count="19" type="stmt"/>
        <line num="23" count="12" type="stmt"/>
      </file>
    </package>
  </project>
</coverage>
