{"/home/yona/Рабочий стол/visual/ts_term3/weather-app/src/assets/App.jsx": {"path":"/home/yona/Рабочий стол/visual/ts_term3/weather-app/src/assets/App.jsx","statementMap":{"0":{"start":{"line":10,"column":2},"end":{"line":10,"column":null}},"1":{"start":{"line":10,"column":16},"end":{"line":10,"column":null}},"2":{"start":{"line":11,"column":15},"end":{"line":11,"column":null}},"3":{"start":{"line":13,"column":2},"end":{"line":13,"column":null}},"4":{"start":{"line":13,"column":33},"end":{"line":13,"column":null}},"5":{"start":{"line":14,"column":2},"end":{"line":14,"column":null}},"6":{"start":{"line":14,"column":33},"end":{"line":14,"column":null}},"7":{"start":{"line":15,"column":2},"end":{"line":15,"column":null}},"8":{"start":{"line":15,"column":33},"end":{"line":15,"column":null}},"9":{"start":{"line":16,"column":2},"end":{"line":16,"column":null}},"10":{"start":{"line":16,"column":33},"end":{"line":16,"column":null}},"11":{"start":{"line":17,"column":2},"end":{"line":17,"column":null}},"12":{"start":{"line":17,"column":33},"end":{"line":17,"column":null}},"13":{"start":{"line":18,"column":2},"end":{"line":18,"column":null}},"14":{"start":{"line":18,"column":20},"end":{"line":18,"column":null}},"15":{"start":{"line":19,"column":2},"end":{"line":19,"column":null}},"16":{"start":{"line":19,"column":18},"end":{"line":19,"column":null}},"17":{"start":{"line":20,"column":2},"end":{"line":20,"column":null}},"18":{"start":{"line":24,"column":15},"end":{"line":24,"column":44}},"19":{"start":{"line":25,"column":18},"end":{"line":25,"column":46}},"20":{"start":{"line":26,"column":20},"end":{"line":26,"column":50}},"21":{"start":{"line":27,"column":18},"end":{"line":27,"column":46}},"22":{"start":{"line":28,"column":16},"end":{"line":28,"column":42}},"23":{"start":{"line":31,"column":4},"end":{"line":53,"column":null}},"24":{"start":{"line":32,"column":6},"end":{"line":32,"column":null}},"25":{"start":{"line":33,"column":6},"end":{"line":33,"column":null}},"26":{"start":{"line":35,"column":21},"end":{"line":35,"column":51}},"27":{"start":{"line":36,"column":6},"end":{"line":39,"column":null}},"28":{"start":{"line":37,"column":8},"end":{"line":37,"column":null}},"29":{"start":{"line":38,"column":8},"end":{"line":38,"column":null}},"30":{"start":{"line":39,"column":8},"end":{"line":39,"column":null}},"31":{"start":{"line":42,"column":43},"end":{"line":45,"column":8}},"32":{"start":{"line":47,"column":6},"end":{"line":47,"column":null}},"33":{"start":{"line":48,"column":6},"end":{"line":48,"column":null}},"34":{"start":{"line":50,"column":6},"end":{"line":50,"column":null}},"35":{"start":{"line":51,"column":6},"end":{"line":51,"column":null}},"36":{"start":{"line":53,"column":6},"end":{"line":53,"column":null}},"37":{"start":{"line":57,"column":2},"end":{"line":65,"column":null}},"38":{"start":{"line":58,"column":4},"end":{"line":58,"column":null}},"39":{"start":{"line":60,"column":21},"end":{"line":62,"column":26}},"40":{"start":{"line":61,"column":6},"end":{"line":61,"column":null}},"41":{"start":{"line":64,"column":4},"end":{"line":64,"column":null}},"42":{"start":{"line":64,"column":17},"end":{"line":64,"column":40}},"43":{"start":{"line":67,"column":2},"end":{"line":67,"column":null}},"44":{"start":{"line":67,"column":15},"end":{"line":67,"column":null}},"45":{"start":{"line":68,"column":2},"end":{"line":68,"column":null}},"46":{"start":{"line":68,"column":13},"end":{"line":68,"column":null}},"47":{"start":{"line":69,"column":2},"end":{"line":69,"column":null}},"48":{"start":{"line":69,"column":30},"end":{"line":69,"column":null}},"49":{"start":{"line":71,"column":23},"end":{"line":71,"column":47}},"50":{"start":{"line":73,"column":2},"end":{"line":82,"column":null}}},"fnMap":{"0":{"name":"getWeatherClass","decl":{"start":{"line":9,"column":9},"end":{"line":9,"column":25}},"loc":{"start":{"line":9,"column":34},"end":{"line":20,"column":null}},"line":9},"1":{"name":"App","decl":{"start":{"line":23,"column":9},"end":{"line":23,"column":15}},"loc":{"start":{"line":23,"column":15},"end":{"line":82,"column":null}},"line":23},"2":{"name":"fetchData","decl":{"start":{"line":30,"column":17},"end":{"line":30,"column":27}},"loc":{"start":{"line":30,"column":37},"end":{"line":53,"column":null}},"line":30},"3":{"name":"(anonymous_3)","decl":{"start":{"line":57,"column":2},"end":{"line":57,"column":18}},"loc":{"start":{"line":57,"column":18},"end":{"line":65,"column":6}},"line":57},"4":{"name":"(anonymous_4)","decl":{"start":{"line":60,"column":21},"end":{"line":60,"column":39}},"loc":{"start":{"line":60,"column":39},"end":{"line":62,"column":11}},"line":60},"5":{"name":"(anonymous_5)","decl":{"start":{"line":64,"column":4},"end":{"line":64,"column":17}},"loc":{"start":{"line":64,"column":17},"end":{"line":64,"column":40}},"line":64}},"branchMap":{"0":{"loc":{"start":{"line":10,"column":2},"end":{"line":10,"column":null}},"type":"if","locations":[{"start":{"line":10,"column":2},"end":{"line":10,"column":null}},{"start":{},"end":{}}],"line":10},"1":{"loc":{"start":{"line":13,"column":2},"end":{"line":13,"column":null}},"type":"if","locations":[{"start":{"line":13,"column":2},"end":{"line":13,"column":null}},{"start":{},"end":{}}],"line":13},"2":{"loc":{"start":{"line":13,"column":6},"end":{"line":13,"column":33}},"type":"binary-expr","locations":[{"start":{"line":13,"column":6},"end":{"line":13,"column":21}},{"start":{"line":13,"column":21},"end":{"line":13,"column":33}}],"line":13},"3":{"loc":{"start":{"line":14,"column":2},"end":{"line":14,"column":null}},"type":"if","locations":[{"start":{"line":14,"column":2},"end":{"line":14,"column":null}},{"start":{},"end":{}}],"line":14},"4":{"loc":{"start":{"line":14,"column":6},"end":{"line":14,"column":33}},"type":"binary-expr","locations":[{"start":{"line":14,"column":6},"end":{"line":14,"column":21}},{"start":{"line":14,"column":21},"end":{"line":14,"column":33}}],"line":14},"5":{"loc":{"start":{"line":15,"column":2},"end":{"line":15,"column":null}},"type":"if","locations":[{"start":{"line":15,"column":2},"end":{"line":15,"column":null}},{"start":{},"end":{}}],"line":15},"6":{"loc":{"start":{"line":15,"column":6},"end":{"line":15,"column":33}},"type":"binary-expr","locations":[{"start":{"line":15,"column":6},"end":{"line":15,"column":21}},{"start":{"line":15,"column":21},"end":{"line":15,"column":33}}],"line":15},"7":{"loc":{"start":{"line":16,"column":2},"end":{"line":16,"column":null}},"type":"if","locations":[{"start":{"line":16,"column":2},"end":{"line":16,"column":null}},{"start":{},"end":{}}],"line":16},"8":{"loc":{"start":{"line":16,"column":6},"end":{"line":16,"column":33}},"type":"binary-expr","locations":[{"start":{"line":16,"column":6},"end":{"line":16,"column":21}},{"start":{"line":16,"column":21},"end":{"line":16,"column":33}}],"line":16},"9":{"loc":{"start":{"line":17,"column":2},"end":{"line":17,"column":null}},"type":"if","locations":[{"start":{"line":17,"column":2},"end":{"line":17,"column":null}},{"start":{},"end":{}}],"line":17},"10":{"loc":{"start":{"line":17,"column":6},"end":{"line":17,"column":33}},"type":"binary-expr","locations":[{"start":{"line":17,"column":6},"end":{"line":17,"column":21}},{"start":{"line":17,"column":21},"end":{"line":17,"column":33}}],"line":17},"11":{"loc":{"start":{"line":18,"column":2},"end":{"line":18,"column":null}},"type":"if","locations":[{"start":{"line":18,"column":2},"end":{"line":18,"column":null}},{"start":{},"end":{}}],"line":18},"12":{"loc":{"start":{"line":19,"column":2},"end":{"line":19,"column":null}},"type":"if","locations":[{"start":{"line":19,"column":2},"end":{"line":19,"column":null}},{"start":{},"end":{}}],"line":19},"13":{"loc":{"start":{"line":36,"column":6},"end":{"line":39,"column":null}},"type":"if","locations":[{"start":{"line":36,"column":6},"end":{"line":39,"column":null}},{"start":{},"end":{}}],"line":36},"14":{"loc":{"start":{"line":67,"column":2},"end":{"line":67,"column":null}},"type":"if","locations":[{"start":{"line":67,"column":2},"end":{"line":67,"column":null}},{"start":{},"end":{}}],"line":67},"15":{"loc":{"start":{"line":68,"column":2},"end":{"line":68,"column":null}},"type":"if","locations":[{"start":{"line":68,"column":2},"end":{"line":68,"column":null}},{"start":{},"end":{}}],"line":68},"16":{"loc":{"start":{"line":69,"column":2},"end":{"line":69,"column":null}},"type":"if","locations":[{"start":{"line":69,"column":2},"end":{"line":69,"column":null}},{"start":{},"end":{}}],"line":69},"17":{"loc":{"start":{"line":69,"column":6},"end":{"line":69,"column":30}},"type":"binary-expr","locations":[{"start":{"line":69,"column":6},"end":{"line":69,"column":18}},{"start":{"line":69,"column":18},"end":{"line":69,"column":30}}],"line":69}},"s":{"0":1,"1":0,"2":1,"3":1,"4":0,"5":1,"6":0,"7":1,"8":0,"9":1,"10":0,"11":1,"12":0,"13":1,"14":0,"15":1,"16":0,"17":1,"18":7,"19":7,"20":7,"21":7,"22":7,"23":4,"24":4,"25":4,"26":4,"27":3,"28":1,"29":1,"30":1,"31":2,"32":2,"33":2,"34":1,"35":1,"36":4,"37":7,"38":4,"39":4,"40":0,"41":4,"42":4,"43":7,"44":4,"45":3,"46":3,"47":1,"48":0,"49":1,"50":1},"f":{"0":1,"1":7,"2":4,"3":4,"4":0,"5":4},"b":{"0":[0,1],"1":[0,1],"2":[1,0],"3":[0,1],"4":[1,0],"5":[0,1],"6":[1,0],"7":[0,1],"8":[1,0],"9":[0,1],"10":[1,0],"11":[0,1],"12":[0,1],"13":[1,2],"14":[4,3],"15":[2,1],"16":[0,1],"17":[1,1]},"meta":{"lastBranch":18,"lastFunction":6,"lastStatement":51,"seen":{"f:9:9:9:25":0,"b:10:2:10:Infinity:undefined:undefined:undefined:undefined":0,"s:10:2:10:Infinity":0,"s:10:16:10:Infinity":1,"s:11:15:11:Infinity":2,"b:13:2:13:Infinity:undefined:undefined:undefined:undefined":1,"s:13:2:13:Infinity":3,"b:13:6:13:21:13:21:13:33":2,"s:13:33:13:Infinity":4,"b:14:2:14:Infinity:undefined:undefined:undefined:undefined":3,"s:14:2:14:Infinity":5,"b:14:6:14:21:14:21:14:33":4,"s:14:33:14:Infinity":6,"b:15:2:15:Infinity:undefined:undefined:undefined:undefined":5,"s:15:2:15:Infinity":7,"b:15:6:15:21:15:21:15:33":6,"s:15:33:15:Infinity":8,"b:16:2:16:Infinity:undefined:undefined:undefined:undefined":7,"s:16:2:16:Infinity":9,"b:16:6:16:21:16:21:16:33":8,"s:16:33:16:Infinity":10,"b:17:2:17:Infinity:undefined:undefined:undefined:undefined":9,"s:17:2:17:Infinity":11,"b:17:6:17:21:17:21:17:33":10,"s:17:33:17:Infinity":12,"b:18:2:18:Infinity:undefined:undefined:undefined:undefined":11,"s:18:2:18:Infinity":13,"s:18:20:18:Infinity":14,"b:19:2:19:Infinity:undefined:undefined:undefined:undefined":12,"s:19:2:19:Infinity":15,"s:19:18:19:Infinity":16,"s:20:2:20:Infinity":17,"f:23:9:23:15":1,"s:24:15:24:44":18,"s:25:18:25:46":19,"s:26:20:26:50":20,"s:27:18:27:46":21,"s:28:16:28:42":22,"f:30:17:30:27":2,"s:31:4:53:Infinity":23,"s:32:6:32:Infinity":24,"s:33:6:33:Infinity":25,"s:35:21:35:51":26,"b:36:6:39:Infinity:undefined:undefined:undefined:undefined":13,"s:36:6:39:Infinity":27,"s:37:8:37:Infinity":28,"s:38:8:38:Infinity":29,"s:39:8:39:Infinity":30,"s:42:43:45:8":31,"s:47:6:47:Infinity":32,"s:48:6:48:Infinity":33,"s:50:6:50:Infinity":34,"s:51:6:51:Infinity":35,"s:53:6:53:Infinity":36,"s:57:2:65:Infinity":37,"f:57:2:57:18":3,"s:58:4:58:Infinity":38,"s:60:21:62:26":39,"f:60:21:60:39":4,"s:61:6:61:Infinity":40,"s:64:4:64:Infinity":41,"f:64:4:64:17":5,"s:64:17:64:40":42,"b:67:2:67:Infinity:undefined:undefined:undefined:undefined":14,"s:67:2:67:Infinity":43,"s:67:15:67:Infinity":44,"b:68:2:68:Infinity:undefined:undefined:undefined:undefined":15,"s:68:2:68:Infinity":45,"s:68:13:68:Infinity":46,"b:69:2:69:Infinity:undefined:undefined:undefined:undefined":16,"s:69:2:69:Infinity":47,"b:69:6:69:18:69:18:69:30":17,"s:69:30:69:Infinity":48,"s:71:23:71:47":49,"s:73:2:82:Infinity":50}}}
,"/home/yona/Рабочий стол/visual/ts_term3/weather-app/src/components/AirPollution.jsx": {"path":"/home/yona/Рабочий стол/visual/ts_term3/weather-app/src/components/AirPollution.jsx","statementMap":{"0":{"start":{"line":2,"column":15},"end":{"line":2,"column":null}},"1":{"start":{"line":3,"column":20},"end":{"line":3,"column":null}},"2":{"start":{"line":4,"column":14},"end":{"line":4,"column":null}},"3":{"start":{"line":6,"column":2},"end":{"line":47,"column":null}}},"fnMap":{"0":{"name":"AirPollution","decl":{"start":{"line":1,"column":9},"end":{"line":1,"column":22}},"loc":{"start":{"line":1,"column":37},"end":{"line":47,"column":null}},"line":1}},"branchMap":{},"s":{"0":5,"1":5,"2":5,"3":5},"f":{"0":5},"b":{},"meta":{"lastBranch":0,"lastFunction":1,"lastStatement":4,"seen":{"f:1:9:1:22":0,"s:2:15:2:Infinity":0,"s:3:20:3:Infinity":1,"s:4:14:4:Infinity":2,"s:6:2:47:Infinity":3}}}
,"/home/yona/Рабочий стол/visual/ts_term3/weather-app/src/components/Footer.jsx": {"path":"/home/yona/Рабочий стол/visual/ts_term3/weather-app/src/components/Footer.jsx","statementMap":{"0":{"start":{"line":2,"column":2},"end":{"line":9,"column":null}}},"fnMap":{"0":{"name":"Footer","decl":{"start":{"line":1,"column":9},"end":{"line":1,"column":16}},"loc":{"start":{"line":1,"column":34},"end":{"line":9,"column":null}},"line":1}},"branchMap":{},"s":{"0":4},"f":{"0":4},"b":{},"meta":{"lastBranch":0,"lastFunction":1,"lastStatement":1,"seen":{"f:1:9:1:16":0,"s:2:2:9:Infinity":0}}}
,"/home/yona/Рабочий стол/visual/ts_term3/weather-app/src/components/Forecast.jsx": {"path":"/home/yona/Рабочий стол/visual/ts_term3/weather-app/src/components/Forecast.jsx","statementMap":{"0":{"start":{"line":4,"column":16},"end":{"line":5,"column":null}},"1":{"start":{"line":5,"column":4},"end":{"line":5,"column":36}},"2":{"start":{"line":8,"column":2},"end":{"line":35,"column":null}},"3":{"start":{"line":16,"column":10},"end":{"line":33,"column":null}}},"fnMap":{"0":{"name":"Forecast","decl":{"start":{"line":3,"column":9},"end":{"line":3,"column":18}},"loc":{"start":{"line":3,"column":31},"end":{"line":35,"column":null}},"line":3},"1":{"name":"(anonymous_1)","decl":{"start":{"line":4,"column":29},"end":{"line":4,"column":37}},"loc":{"start":{"line":5,"column":4},"end":{"line":5,"column":36}},"line":5},"2":{"name":"(anonymous_2)","decl":{"start":{"line":15,"column":15},"end":{"line":15,"column":20}},"loc":{"start":{"line":16,"column":10},"end":{"line":33,"column":null}},"line":16}},"branchMap":{},"s":{"0":5,"1":18,"2":5,"3":13},"f":{"0":5,"1":18,"2":13},"b":{},"meta":{"lastBranch":0,"lastFunction":3,"lastStatement":4,"seen":{"f:3:9:3:18":0,"s:4:16:5:Infinity":0,"f:4:29:4:37":1,"s:5:4:5:36":1,"s:8:2:35:Infinity":2,"f:15:15:15:20":2,"s:16:10:33:Infinity":3}}}
,"/home/yona/Рабочий стол/visual/ts_term3/weather-app/src/components/Now.jsx": {"path":"/home/yona/Рабочий стол/visual/ts_term3/weather-app/src/components/Now.jsx","statementMap":{"0":{"start":{"line":4,"column":18},"end":{"line":4,"column":null}},"1":{"start":{"line":5,"column":15},"end":{"line":5,"column":null}},"2":{"start":{"line":6,"column":22},"end":{"line":6,"column":null}},"3":{"start":{"line":8,"column":2},"end":{"line":39,"column":null}}},"fnMap":{"0":{"name":"Now","decl":{"start":{"line":3,"column":9},"end":{"line":3,"column":13}},"loc":{"start":{"line":3,"column":26},"end":{"line":39,"column":null}},"line":3}},"branchMap":{},"s":{"0":9,"1":9,"2":9,"3":9},"f":{"0":9},"b":{},"meta":{"lastBranch":0,"lastFunction":1,"lastStatement":4,"seen":{"f:3:9:3:13":0,"s:4:18:4:Infinity":0,"s:5:15:5:Infinity":1,"s:6:22:6:Infinity":2,"s:8:2:39:Infinity":3}}}
,"/home/yona/Рабочий стол/visual/ts_term3/weather-app/src/components/Search.jsx": {"path":"/home/yona/Рабочий стол/visual/ts_term3/weather-app/src/components/Search.jsx","statementMap":{"0":{"start":{"line":4,"column":16},"end":{"line":4,"column":40}},"1":{"start":{"line":7,"column":4},"end":{"line":7,"column":null}},"2":{"start":{"line":8,"column":4},"end":{"line":10,"column":null}},"3":{"start":{"line":9,"column":6},"end":{"line":9,"column":null}},"4":{"start":{"line":10,"column":6},"end":{"line":10,"column":null}},"5":{"start":{"line":14,"column":2},"end":{"line":29,"column":null}},"6":{"start":{"line":23,"column":27},"end":{"line":23,"column":null}}},"fnMap":{"0":{"name":"Search","decl":{"start":{"line":3,"column":9},"end":{"line":3,"column":16}},"loc":{"start":{"line":3,"column":34},"end":{"line":29,"column":null}},"line":3},"1":{"name":"handleSubmit","decl":{"start":{"line":6,"column":11},"end":{"line":6,"column":24}},"loc":{"start":{"line":6,"column":27},"end":{"line":10,"column":null}},"line":6},"2":{"name":"(anonymous_2)","decl":{"start":{"line":23,"column":10},"end":{"line":23,"column":21}},"loc":{"start":{"line":23,"column":27},"end":{"line":23,"column":null}},"line":23}},"branchMap":{"0":{"loc":{"start":{"line":8,"column":4},"end":{"line":10,"column":null}},"type":"if","locations":[{"start":{"line":8,"column":4},"end":{"line":10,"column":null}},{"start":{},"end":{}}],"line":8}},"s":{"0":19,"1":3,"2":3,"3":2,"4":2,"5":19,"6":12},"f":{"0":19,"1":3,"2":12},"b":{"0":[2,1]},"meta":{"lastBranch":1,"lastFunction":3,"lastStatement":7,"seen":{"f:3:9:3:16":0,"s:4:16:4:40":0,"f:6:11:6:24":1,"s:7:4:7:Infinity":1,"b:8:4:10:Infinity:undefined:undefined:undefined:undefined":0,"s:8:4:10:Infinity":2,"s:9:6:9:Infinity":3,"s:10:6:10:Infinity":4,"s:14:2:29:Infinity":5,"f:23:10:23:21":2,"s:23:27:23:Infinity":6}}}
}
